Sending build context to Docker daemon  6.691MB
Step 1/17 : FROM julia:1.5.0
1.5.0: Pulling from library/julia
bf5952930446: Already exists
09cf61844c59: Already exists
fb69c373bb8b: Already exists
Digest: sha256:868ef27789c54fdda23043f8586a00bbb7abd61a570b001c0868177208953914
Status: Downloaded newer image for julia:1.5.0
 ---> 2a8355d1e4b2
Step 2/17 : RUN apt-get update &&     apt-get install -y     build-essential     cmake     python3     python3-dev     python3-distutils     curl     ca-certificates     xvfb     dvipng     texlive-latex-recommended      zip     libxt6 libxrender1 libxext6 libgl1-mesa-glx libqt5widgets5 # GR &&     apt-get clean && rm -rf /var/lib/apt/lists/* # clean up
 ---> Using cache
 ---> 367225d24a1f
Step 3/17 : RUN curl -kL https://bootstrap.pypa.io/get-pip.py | python3 &&     pip3 install     matplotlib     numpy     sympy==1.5.*     numba
 ---> Using cache
 ---> c4c95a98402f
Step 4/17 : RUN curl --proto '=https' --tlsv1.2 -sSf https://sh.rustup.rs | sh -s -- -y
 ---> Using cache
 ---> e9b363e57896
Step 5/17 : ENV PATH /root/.cargo/bin:$PATH
 ---> Using cache
 ---> de93c35f60f0
Step 6/17 : RUN mkdir -p ${HOME}/.julia/config &&     echo 'ENV["PYTHON"]=Sys.which("python3")\n' >> ${HOME}/.julia/config/startup.jl && cat ${HOME}/.julia/config/startup.jl
 ---> Using cache
 ---> 4fb25441cc78
Step 7/17 : RUN julia -e 'using Pkg; Pkg.add("PackageCompiler"); Pkg.add(["Documenter", "Literate", "Weave", "Franklin", "NodeJS", "Remark"]); '
 ---> Using cache
 ---> 5ee30cc842e2
Step 8/17 : RUN julia -e "using NodeJS; run(\`\$(npm_cmd()) install highlight.js\`); using Franklin"
 ---> Using cache
 ---> 1b5be390c325
Step 9/17 : WORKDIR /work
 ---> Using cache
 ---> 0e486bbc8a9e
Step 10/17 : ENV JULIA_PROJECT=/work
 ---> Using cache
 ---> 8230cdd48b47
Step 11/17 : RUN julia -e 'using Pkg; Pkg.add([    PackageSpec(name="Franklin", version="0.9.1"),     PackageSpec(name="OhMyREPL", version="0.5.5"),     PackageSpec(name="Revise", version="2.7.3"),     PackageSpec(name="Plots", version="1.5.8"),     PackageSpec(name="GR", version="0.51.0"),     PackageSpec(name="SymPy", version="1.0.26"), ]); Pkg.pin(["Franklin", "OhMyREPL", "Revise", "Plots", "GR", "SymPy"]); '
 ---> Using cache
 ---> 688d220ee932
Step 12/17 : COPY Project.toml /work
 ---> Using cache
 ---> 9bc6ce7dd5ad
Step 13/17 : RUN rm /work/Manifest.toml && julia --project=/work -e 'using Pkg; Pkg.instantiate(); Pkg.precompile()' && julia -e 'using InteractiveUtils; versioninfo()'
 ---> Using cache
 ---> 6144a7e54e16
Step 14/17 : ENV GKSwstype=100
 ---> Using cache
 ---> 562d6c69c182
Step 15/17 : ENV JULIA_NUM_THREADS=4
 ---> Using cache
 ---> 03a937667649
Step 16/17 : EXPOSE 8000
 ---> Using cache
 ---> f479ebd7a2ed
Step 17/17 : CMD ["julia"]
 ---> Using cache
 ---> a6ccf701aaf0
Successfully built a6ccf701aaf0
Successfully tagged my_awesome_image:latest
