~~~<div id="fdpnea" style="width:400px;height:300x"></div> <script>     PLOT = document.getElementById('fdpnea');
    Plotly.plot(PLOT, [
    {
        "xaxis": "x1",
        "colorbar": {
            "title": ""
        },
        "yaxis": "y1",
        "x": [
            1,
            2,
            3,
            4,
            5,
            6,
            7,
            8,
            9,
            10
        ],
        "showlegend": true,
        "mode": "lines",
        "name": "y1",
        "zmin": null,
        "legendgroup": "y1",
        "zmax": null,
        "line": {
            "color": "rgba(0, 154, 250, 1.000)",
            "shape": "linear",
            "dash": "solid",
            "width": 1
        },
        "y": [
            0.5948659803427254,
            0.5712211685363893,
            0.16384770433025886,
            0.6508795831534715,
            0.8779502949339726,
            0.28075152206584053,
            0.6860372266729933,
            0.3388521221574441,
            0.36387782856261963,
            0.31792349628275707
        ],
        "type": "scatter"
    }
]
, {
    "showlegend": true,
    "xaxis": {
        "showticklabels": true,
        "gridwidth": 0.5,
        "tickvals": [
            2.0,
            4.0,
            6.0,
            8.0,
            10.0
        ],
        "visible": true,
        "ticks": "inside",
        "range": [
            0.73,
            10.27
        ],
        "domain": [
            0.0,
            0.0
        ],
        "tickmode": "array",
        "linecolor": "rgba(0, 0, 0, 1.000)",
        "showgrid": true,
        "title": "",
        "mirror": false,
        "tickangle": 0,
        "showline": true,
        "gridcolor": "rgba(0, 0, 0, 0.100)",
        "titlefont": {
            "color": "rgba(0, 0, 0, 1.000)",
            "family": "sans-serif",
            "size": 15
        },
        "tickcolor": "rgb(0, 0, 0)",
        "ticktext": [
            "2",
            "4",
            "6",
            "8",
            "10"
        ],
        "zeroline": false,
        "type": "-",
        "tickfont": {
            "color": "rgba(0, 0, 0, 1.000)",
            "family": "sans-serif",
            "size": 11
        },
        "zerolinecolor": "rgba(0, 0, 0, 1.000)",
        "anchor": "y1"
    },
    "paper_bgcolor": "rgba(255, 255, 255, 1.000)",
    "annotations": [],
    "height": 400,
    "margin": {
        "l": 0,
        "b": 20,
        "r": 0,
        "t": 20
    },
    "plot_bgcolor": "rgba(255, 255, 255, 1.000)",
    "yaxis": {
        "showticklabels": true,
        "gridwidth": 0.5,
        "tickvals": [
            0.2,
            0.30000000000000004,
            0.4,
            0.5,
            0.6000000000000001,
            0.7000000000000001,
            0.8
        ],
        "visible": true,
        "ticks": "inside",
        "range": [
            0.14242462661214744,
            0.899373372652084
        ],
        "domain": [
            1.0,
            1.0
        ],
        "tickmode": "array",
        "linecolor": "rgba(0, 0, 0, 1.000)",
        "showgrid": true,
        "title": "",
        "mirror": false,
        "tickangle": 0,
        "showline": true,
        "gridcolor": "rgba(0, 0, 0, 0.100)",
        "titlefont": {
            "color": "rgba(0, 0, 0, 1.000)",
            "family": "sans-serif",
            "size": 15
        },
        "tickcolor": "rgb(0, 0, 0)",
        "ticktext": [
            "0.2",
            "0.3",
            "0.4",
            "0.5",
            "0.6",
            "0.7",
            "0.8"
        ],
        "zeroline": false,
        "type": "-",
        "tickfont": {
            "color": "rgba(0, 0, 0, 1.000)",
            "family": "sans-serif",
            "size": 11
        },
        "zerolinecolor": "rgba(0, 0, 0, 1.000)",
        "anchor": "x1"
    },
    "legend": {
        "tracegroupgap": 0,
        "bordercolor": "rgba(0, 0, 0, 1.000)",
        "bgcolor": "rgba(255, 255, 255, 1.000)",
        "font": {
            "color": "rgba(0, 0, 0, 1.000)",
            "family": "sans-serif",
            "size": 11
        },
        "y": 1.0,
        "x": 1.0
    },
    "width": 600
}
);
 </script>~~~
