~~~<div id="fdpgrf" style="width:400px;height:300x"></div> <script> Plotly.newPlot('fdpgrf', [
    {
        "xaxis": "x",
        "colorbar": {
            "y": 1.0,
            "title": "",
            "len": 0.0,
            "x": 0.0
        },
        "yaxis": "y",
        "zaxis": "z",
        "x": [
            0.0,
            0.0,
            0.0,
            0.0,
            0.0,
            -0.0,
            -0.0,
            -0.0,
            -0.0,
            -0.0,
            -0.0,
            -0.0,
            -0.0,
            -0.0,
            -0.0,
            0.0,
            0.0,
            0.0,
            0.0,
            0.0
        ],
        "showlegend": false,
        "mode": "markers",
        "name": "",
        "zmin": null,
        "legendgroup": "",
        "z": [
            3.0,
            3.0,
            3.0,
            3.0,
            3.0,
            3.0,
            3.0,
            3.0,
            3.0,
            3.0,
            3.0,
            3.0,
            3.0,
            3.0,
            3.0,
            3.0,
            3.0,
            3.0,
            3.0,
            3.0
        ],
        "marker": {
            "symbol": "circle",
            "color": "rgba(0, 128, 0, 1.000)",
            "line": {
                "color": "rgba(0, 0, 0, 1.000)",
                "width": 1
            },
            "size": 8
        },
        "zmax": null,
        "y": [
            0.0,
            0.0,
            0.0,
            0.0,
            0.0,
            0.0,
            0.0,
            0.0,
            0.0,
            0.0,
            -0.0,
            -0.0,
            -0.0,
            -0.0,
            -0.0,
            -0.0,
            -0.0,
            -0.0,
            -0.0,
            -0.0
        ],
        "type": "scatter3d",
        "scene": "scene"
    },
    {
        "xaxis": "x",
        "colorbar": {
            "y": 1.0,
            "title": "",
            "len": 0.0,
            "x": 0.0
        },
        "yaxis": "y",
        "zaxis": "z",
        "x": [
            0.9740984076140504,
            0.9213190690345017,
            0.7687005135867676,
            0.5327813298744939,
            0.23912702211621198,
            -0.08044040892640941,
            -0.3912908735003073,
            -0.6597389004269756,
            -0.8566939805885965,
            -0.960812974976711,
            -0.9608129749767111,
            -0.8566939805885966,
            -0.6597389004269758,
            -0.3912908735003077,
            -0.08044040892640987,
            0.23912702211621156,
            0.5327813298744936,
            0.7687005135867674,
            0.9213190690345017,
            0.9740984076140504
        ],
        "showlegend": false,
        "mode": "markers",
        "name": "",
        "zmin": null,
        "legendgroup": "",
        "z": [
            2.837451725101904,
            2.837451725101904,
            2.837451725101904,
            2.837451725101904,
            2.837451725101904,
            2.837451725101904,
            2.837451725101904,
            2.837451725101904,
            2.837451725101904,
            2.837451725101904,
            2.837451725101904,
            2.837451725101904,
            2.837451725101904,
            2.837451725101904,
            2.837451725101904,
            2.837451725101904,
            2.837451725101904,
            2.837451725101904,
            2.837451725101904,
            2.837451725101904
        ],
        "marker": {
            "symbol": "circle",
            "color": "rgba(0, 128, 0, 1.000)",
            "line": {
                "color": "rgba(0, 0, 0, 1.000)",
                "width": 1
            },
            "size": 8
        },
        "zmax": null,
        "y": [
            0.0,
            0.3162892359054096,
            0.5983036253673116,
            0.8154825333833916,
            0.9442912553921388,
            0.9707713676906529,
            0.8920533392301131,
            0.7166674898302795,
            0.46361959766547206,
            0.16033132829435007,
            -0.16033132829434985,
            -0.4636195976654719,
            -0.7166674898302794,
            -0.892053339230113,
            -0.9707713676906529,
            -0.9442912553921389,
            -0.8154825333833918,
            -0.5983036253673119,
            -0.3162892359054098,
            -2.3858529938781614e-16
        ],
        "type": "scatter3d",
        "scene": "scene"
    },
    {
        "xaxis": "x",
        "colorbar": {
            "y": 1.0,
            "title": "",
            "len": 0.0,
            "x": 0.0
        },
        "yaxis": "y",
        "zaxis": "z",
        "x": [
            1.8426381380690033,
            1.742798921200818,
            1.4541003989089956,
            1.0078275357029796,
            0.4523409209480846,
            -0.1521638513840953,
            -0.7401793093533852,
            -1.2479848540889036,
            -1.6205518754036867,
            -1.8175069555653076,
            -1.8175069555653078,
            -1.620551875403687,
            -1.2479848540889038,
            -0.740179309353386,
            -0.1521638513840962,
            0.45234092094808376,
            1.007827535702979,
            1.4541003989089951,
            1.742798921200818,
            1.8426381380690033
        ],
        "showlegend": false,
        "mode": "markers",
        "name": "",
        "zmin": null,
        "legendgroup": "",
        "z": [
            2.3674215281891806,
            2.3674215281891806,
            2.3674215281891806,
            2.3674215281891806,
            2.3674215281891806,
            2.3674215281891806,
            2.3674215281891806,
            2.3674215281891806,
            2.3674215281891806,
            2.3674215281891806,
            2.3674215281891806,
            2.3674215281891806,
            2.3674215281891806,
            2.3674215281891806,
            2.3674215281891806,
            2.3674215281891806,
            2.3674215281891806,
            2.3674215281891806,
            2.3674215281891806,
            2.3674215281891806
        ],
        "marker": {
            "symbol": "circle",
            "color": "rgba(0, 128, 0, 1.000)",
            "line": {
                "color": "rgba(0, 0, 0, 1.000)",
                "width": 1
            },
            "size": 8
        },
        "zmax": null,
        "y": [
            0.0,
            0.5983036253673116,
            1.1317717692888012,
            1.5425948807594503,
            1.7862539010740444,
            1.8363445946222519,
            1.6874388575209323,
            1.355672936895585,
            0.8769988181246295,
            0.30328826937112224,
            -0.30328826937112174,
            -0.8769988181246292,
            -1.3556729368955849,
            -1.687438857520932,
            -1.8363445946222519,
            -1.7862539010740446,
            -1.5425948807594507,
            -1.1317717692888016,
            -0.5983036253673121,
            -4.513161795546087e-16
        ],
        "type": "scatter3d",
        "scene": "scene"
    },
    {
        "xaxis": "x",
        "colorbar": {
            "y": 1.0,
            "title": "",
            "len": 0.0,
            "x": 0.0
        },
        "yaxis": "y",
        "zaxis": "z",
        "x": [
            2.5114994347875856,
            2.3754194679434972,
            1.98192594331703,
            1.3736599899825863,
            0.6165366622026724,
            -0.20739797947889127,
            -1.008857831972692,
            -1.700992284330096,
            -2.208797829065615,
            -2.477245855992283,
            -2.4772458559922836,
            -2.208797829065615,
            -1.7009922843300964,
            -1.008857831972693,
            -0.20739797947889244,
            0.6165366622026713,
            1.3736599899825854,
            1.9819259433170293,
            2.3754194679434972,
            2.5114994347875856
        ],
        "showlegend": false,
        "mode": "markers",
        "name": "",
        "zmin": null,
        "legendgroup": "",
        "z": [
            1.6408444743672808,
            1.6408444743672808,
            1.6408444743672808,
            1.6408444743672808,
            1.6408444743672808,
            1.6408444743672808,
            1.6408444743672808,
            1.6408444743672808,
            1.6408444743672808,
            1.6408444743672808,
            1.6408444743672808,
            1.6408444743672808,
            1.6408444743672808,
            1.6408444743672808,
            1.6408444743672808,
            1.6408444743672808,
            1.6408444743672808,
            1.6408444743672808,
            1.6408444743672808,
            1.6408444743672808
        ],
        "marker": {
            "symbol": "circle",
            "color": "rgba(0, 128, 0, 1.000)",
            "line": {
                "color": "rgba(0, 0, 0, 1.000)",
                "width": 1
            },
            "size": 8
        },
        "zmax": null,
        "y": [
            0.0,
            0.8154825333833916,
            1.5425948807594505,
            2.102543136979454,
            2.4346482199895636,
            2.5029213909043238,
            2.2999641922877236,
            1.8477701858152824,
            1.1953416086012354,
            0.41337922045915776,
            -0.41337922045915715,
            -1.195341608601235,
            -1.8477701858152822,
            -2.299964192287723,
            -2.5029213909043238,
            -2.4346482199895636,
            -2.1025431369794547,
            -1.542594880759451,
            -0.8154825333833923,
            -6.151399487746007e-16
        ],
        "type": "scatter3d",
        "scene": "scene"
    },
    {
        "xaxis": "x",
        "colorbar": {
            "y": 1.0,
            "title": "",
            "len": 0.0,
            "x": 0.0
        },
        "yaxis": "y",
        "zaxis": "z",
        "x": [
            2.908200797817991,
            2.7506264569037975,
            2.2949790590170878,
            1.5906350698167226,
            0.7139210895556105,
            -0.24015731838592422,
            -1.1682109544556025,
            -1.9696708069494024,
            -2.5576862649186927,
            -2.8685367294925905,
            -2.868536729492591,
            -2.557686264918693,
            -1.969670806949403,
            -1.1682109544556036,
            -0.24015731838592558,
            0.7139210895556093,
            1.5906350698167218,
            2.294979059017087,
            2.7506264569037975,
            2.908200797817991
        ],
        "showlegend": false,
        "mode": "markers",
        "name": "",
        "zmin": null,
        "legendgroup": "",
        "z": [
            0.7364564614223977,
            0.7364564614223977,
            0.7364564614223977,
            0.7364564614223977,
            0.7364564614223977,
            0.7364564614223977,
            0.7364564614223977,
            0.7364564614223977,
            0.7364564614223977,
            0.7364564614223977,
            0.7364564614223977,
            0.7364564614223977,
            0.7364564614223977,
            0.7364564614223977,
            0.7364564614223977,
            0.7364564614223977,
            0.7364564614223977,
            0.7364564614223977,
            0.7364564614223977,
            0.7364564614223977
        ],
        "marker": {
            "symbol": "circle",
            "color": "rgba(0, 128, 0, 1.000)",
            "line": {
                "color": "rgba(0, 0, 0, 1.000)",
                "width": 1
            },
            "size": 8
        },
        "zmax": null,
        "y": [
            0.0,
            0.9442912553921387,
            1.7862539010740446,
            2.4346482199895636,
            2.8192106268097334,
            2.8982678176550354,
            2.663252719198674,
            2.139632863993374,
            1.3841505881498106,
            0.47867411877095606,
            -0.47867411877095534,
            -1.3841505881498102,
            -2.139632863993374,
            -2.6632527191986735,
            -2.8982678176550354,
            -2.819210626809734,
            -2.434648219989564,
            -1.7862539010740452,
            -0.9442912553921394,
            -7.123037596651164e-16
        ],
        "type": "scatter3d",
        "scene": "scene"
    },
    {
        "xaxis": "x",
        "colorbar": {
            "y": 1.0,
            "title": "",
            "len": 0.0,
            "x": 0.0
        },
        "yaxis": "y",
        "zaxis": "z",
        "x": [
            2.9897534790200098,
            2.8277603888915817,
            2.3593355834034906,
            1.6352401585901124,
            0.7339410892281264,
            -0.2468918854211007,
            -1.2009702933626356,
            -2.0249049350441988,
            -2.6294097073763787,
            -2.9489771384190004,
            -2.948977138419001,
            -2.629409707376379,
            -2.024904935044199,
            -1.200970293362637,
            -0.2468918854211021,
            0.7339410892281251,
            1.6352401585901113,
            2.3593355834034897,
            2.8277603888915817,
            2.9897534790200098
        ],
        "showlegend": false,
        "mode": "markers",
        "name": "",
        "zmin": null,
        "legendgroup": "",
        "z": [
            -0.24773803641699682,
            -0.24773803641699682,
            -0.24773803641699682,
            -0.24773803641699682,
            -0.24773803641699682,
            -0.24773803641699682,
            -0.24773803641699682,
            -0.24773803641699682,
            -0.24773803641699682,
            -0.24773803641699682,
            -0.24773803641699682,
            -0.24773803641699682,
            -0.24773803641699682,
            -0.24773803641699682,
            -0.24773803641699682,
            -0.24773803641699682,
            -0.24773803641699682,
            -0.24773803641699682,
            -0.24773803641699682,
            -0.24773803641699682
        ],
        "marker": {
            "symbol": "circle",
            "color": "rgba(0, 128, 0, 1.000)",
            "line": {
                "color": "rgba(0, 0, 0, 1.000)",
                "width": 1
            },
            "size": 8
        },
        "zmax": null,
        "y": [
            0.0,
            0.9707713676906529,
            1.836344594622252,
            2.502921390904324,
            2.898267817655036,
            2.9795419551040836,
            2.7379364893606857,
            2.1996331215332026,
            1.422965374163095,
            0.49209724891969764,
            -0.4920972489196969,
            -1.4229653741630945,
            -2.199633121533202,
            -2.7379364893606852,
            -2.9795419551040836,
            -2.898267817655036,
            -2.5029213909043246,
            -1.8363445946222527,
            -0.9707713676906538,
            -7.322784056643036e-16
        ],
        "type": "scatter3d",
        "scene": "scene"
    },
    {
        "xaxis": "x",
        "colorbar": {
            "y": 1.0,
            "title": "",
            "len": 0.0,
            "x": 0.0
        },
        "yaxis": "y",
        "zaxis": "z",
        "x": [
            2.747319979965172,
            2.598462605519702,
            2.1680214884646056,
            1.5026416028148937,
            0.674427183613401,
            -0.2268718857485849,
            -1.1035858660096973,
            -1.8607091937896107,
            -2.416195808544506,
            -2.709850116302788,
            -2.7098501163027886,
            -2.4161958085445066,
            -1.8607091937896114,
            -1.1035858660096984,
            -0.22687188574858622,
            0.6744271836133998,
            1.5026416028148928,
            2.168021488464605,
            2.598462605519702,
            2.747319979965172
        ],
        "showlegend": false,
        "mode": "markers",
        "name": "",
        "zmin": null,
        "legendgroup": "",
        "z": [
            -1.2050862739589083,
            -1.2050862739589083,
            -1.2050862739589083,
            -1.2050862739589083,
            -1.2050862739589083,
            -1.2050862739589083,
            -1.2050862739589083,
            -1.2050862739589083,
            -1.2050862739589083,
            -1.2050862739589083,
            -1.2050862739589083,
            -1.2050862739589083,
            -1.2050862739589083,
            -1.2050862739589083,
            -1.2050862739589083,
            -1.2050862739589083,
            -1.2050862739589083,
            -1.2050862739589083,
            -1.2050862739589083,
            -1.2050862739589083
        ],
        "marker": {
            "symbol": "circle",
            "color": "rgba(0, 128, 0, 1.000)",
            "line": {
                "color": "rgba(0, 0, 0, 1.000)",
                "width": 1
            },
            "size": 8
        },
        "zmax": null,
        "y": [
            0.0,
            0.892053339230113,
            1.6874388575209323,
            2.2999641922877236,
            2.663252719198674,
            2.7379364893606857,
            2.5159223574386114,
            2.0212689995304065,
            1.3075797823030892,
            0.45219400647244196,
            -0.45219400647244123,
            -1.3075797823030888,
            -2.021268999530406,
            -2.515922357438611,
            -2.7379364893606857,
            -2.663252719198674,
            -2.299964192287724,
            -1.687438857520933,
            -0.8920533392301138,
            -6.728993239395838e-16
        ],
        "type": "scatter3d",
        "scene": "scene"
    },
    {
        "xaxis": "x",
        "colorbar": {
            "y": 1.0,
            "title": "",
            "len": 0.0,
            "x": 0.0
        },
        "yaxis": "y",
        "zaxis": "z",
        "x": [
            2.207171732019395,
            2.0875810795381966,
            1.7417686249311057,
            1.207208513487895,
            0.5418286278381828,
            -0.1822667969751956,
            -0.886610786175561,
            -1.4948767395100044,
            -1.9411496027160209,
            -2.1770687864282947,
            -2.177068786428295,
            -1.941149602716021,
            -1.4948767395100049,
            -0.8866107861755619,
            -0.18226679697519665,
            0.5418286278381819,
            1.2072085134878943,
            1.7417686249311053,
            2.0875810795381966,
            2.207171732019395
        ],
        "showlegend": false,
        "mode": "markers",
        "name": "",
        "zmin": null,
        "legendgroup": "",
        "z": [
            -2.0318447148772227,
            -2.0318447148772227,
            -2.0318447148772227,
            -2.0318447148772227,
            -2.0318447148772227,
            -2.0318447148772227,
            -2.0318447148772227,
            -2.0318447148772227,
            -2.0318447148772227,
            -2.0318447148772227,
            -2.0318447148772227,
            -2.0318447148772227,
            -2.0318447148772227,
            -2.0318447148772227,
            -2.0318447148772227,
            -2.0318447148772227,
            -2.0318447148772227,
            -2.0318447148772227,
            -2.0318447148772227,
            -2.0318447148772227
        ],
        "marker": {
            "symbol": "circle",
            "color": "rgba(0, 128, 0, 1.000)",
            "line": {
                "color": "rgba(0, 0, 0, 1.000)",
                "width": 1
            },
            "size": 8
        },
        "zmax": null,
        "y": [
            0.0,
            0.7166674898302794,
            1.355672936895585,
            1.8477701858152824,
            2.139632863993374,
            2.199633121533202,
            2.0212689995304065,
            1.6238690182084987,
            1.0504976318397536,
            0.3632885269109504,
            -0.36328852691094987,
            -1.0504976318397534,
            -1.6238690182084985,
            -2.021268999530406,
            -2.199633121533202,
            -2.1396328639933744,
            -1.8477701858152829,
            -1.3556729368955858,
            -0.7166674898302801,
            -5.406011593572144e-16
        ],
        "type": "scatter3d",
        "scene": "scene"
    },
    {
        "xaxis": "x",
        "colorbar": {
            "y": 1.0,
            "title": "",
            "len": 0.0,
            "x": 0.0
        },
        "yaxis": "y",
        "zaxis": "z",
        "x": [
            1.427842179111221,
            1.3504777514307986,
            1.1267681045614857,
            0.7809556499543947,
            0.3505145328992984,
            -0.11791027258879325,
            -0.5735576704755032,
            -0.9670511951019704,
            -1.255749717393793,
            -1.4083682728415272,
            -1.4083682728415274,
            -1.2557497173937933,
            -0.9670511951019707,
            -0.5735576704755038,
            -0.11791027258879393,
            0.3505145328992978,
            0.7809556499543943,
            1.1267681045614852,
            1.3504777514307986,
            1.427842179111221
        ],
        "showlegend": false,
        "mode": "markers",
        "name": "",
        "zmin": null,
        "legendgroup": "",
        "z": [
            -2.638421253619467,
            -2.638421253619467,
            -2.638421253619467,
            -2.638421253619467,
            -2.638421253619467,
            -2.638421253619467,
            -2.638421253619467,
            -2.638421253619467,
            -2.638421253619467,
            -2.638421253619467,
            -2.638421253619467,
            -2.638421253619467,
            -2.638421253619467,
            -2.638421253619467,
            -2.638421253619467,
            -2.638421253619467,
            -2.638421253619467,
            -2.638421253619467,
            -2.638421253619467,
            -2.638421253619467
        ],
        "marker": {
            "symbol": "circle",
            "color": "rgba(0, 128, 0, 1.000)",
            "line": {
                "color": "rgba(0, 0, 0, 1.000)",
                "width": 1
            },
            "size": 8
        },
        "zmax": null,
        "y": [
            0.0,
            0.463619597665472,
            0.8769988181246297,
            1.1953416086012354,
            1.3841505881498106,
            1.422965374163095,
            1.3075797823030892,
            1.0504976318397536,
            0.6795777628163601,
            0.23501509845636187,
            -0.23501509845636154,
            -0.6795777628163598,
            -1.0504976318397534,
            -1.307579782303089,
            -1.422965374163095,
            -1.3841505881498108,
            -1.1953416086012356,
            -0.8769988181246299,
            -0.46361959766547245,
            -3.4972047086722773e-16
        ],
        "type": "scatter3d",
        "scene": "scene"
    },
    {
        "xaxis": "x",
        "colorbar": {
            "y": 1.0,
            "title": "",
            "len": 0.0,
            "x": 0.0
        },
        "yaxis": "y",
        "zaxis": "z",
        "x": [
            0.4937837708422021,
            0.4670292041345098,
            0.3896647764540874,
            0.270074123972889,
            0.12121674952741876,
            -0.04077634060100915,
            -0.1983506815152029,
            -0.3344306483592913,
            -0.4342698652274768,
            -0.4870492038070256,
            -0.48704920380702565,
            -0.43426986522747685,
            -0.3344306483592914,
            -0.19835068151520313,
            -0.04077634060100939,
            0.12121674952741854,
            0.2700741239728888,
            0.3896647764540873,
            0.4670292041345098,
            0.4937837708422021
        ],
        "showlegend": false,
        "mode": "markers",
        "name": "",
        "zmin": null,
        "legendgroup": "",
        "z": [
            -2.959083910208167,
            -2.959083910208167,
            -2.959083910208167,
            -2.959083910208167,
            -2.959083910208167,
            -2.959083910208167,
            -2.959083910208167,
            -2.959083910208167,
            -2.959083910208167,
            -2.959083910208167,
            -2.959083910208167,
            -2.959083910208167,
            -2.959083910208167,
            -2.959083910208167,
            -2.959083910208167,
            -2.959083910208167,
            -2.959083910208167,
            -2.959083910208167,
            -2.959083910208167,
            -2.959083910208167
        ],
        "marker": {
            "symbol": "circle",
            "color": "rgba(0, 128, 0, 1.000)",
            "line": {
                "color": "rgba(0, 0, 0, 1.000)",
                "width": 1
            },
            "size": 8
        },
        "zmax": null,
        "y": [
            0.0,
            0.16033132829435007,
            0.30328826937112224,
            0.41337922045915776,
            0.47867411877095606,
            0.49209724891969764,
            0.45219400647244196,
            0.3632885269109504,
            0.23501509845636187,
            0.08127413744904811,
            -0.08127413744904799,
            -0.2350150984563618,
            -0.36328852691095037,
            -0.4521940064724419,
            -0.49209724891969764,
            -0.4786741187709561,
            -0.41337922045915787,
            -0.30328826937112235,
            -0.1603313282943502,
            -1.2094214288656258e-16
        ],
        "type": "scatter3d",
        "scene": "scene"
    },
    {
        "xaxis": "x",
        "colorbar": {
            "y": 1.0,
            "title": "",
            "len": 0.0,
            "x": 0.0
        },
        "yaxis": "y",
        "zaxis": "z",
        "x": [
            -0.4937837708422014,
            -0.46702920413450916,
            -0.38966477645408687,
            -0.2700741239728886,
            -0.12121674952741858,
            0.0407763406010091,
            0.19835068151520263,
            0.3344306483592908,
            0.4342698652274762,
            0.4870492038070249,
            0.48704920380702493,
            0.43426986522747624,
            0.3344306483592909,
            0.19835068151520285,
            0.04077634060100933,
            -0.12121674952741836,
            -0.27007412397288844,
            -0.38966477645408676,
            -0.46702920413450916,
            -0.4937837708422014
        ],
        "showlegend": false,
        "mode": "markers",
        "name": "",
        "zmin": null,
        "legendgroup": "",
        "z": [
            -2.959083910208167,
            -2.959083910208167,
            -2.959083910208167,
            -2.959083910208167,
            -2.959083910208167,
            -2.959083910208167,
            -2.959083910208167,
            -2.959083910208167,
            -2.959083910208167,
            -2.959083910208167,
            -2.959083910208167,
            -2.959083910208167,
            -2.959083910208167,
            -2.959083910208167,
            -2.959083910208167,
            -2.959083910208167,
            -2.959083910208167,
            -2.959083910208167,
            -2.959083910208167,
            -2.959083910208167
        ],
        "marker": {
            "symbol": "circle",
            "color": "rgba(0, 128, 0, 1.000)",
            "line": {
                "color": "rgba(0, 0, 0, 1.000)",
                "width": 1
            },
            "size": 8
        },
        "zmax": null,
        "y": [
            -0.0,
            -0.16033132829434985,
            -0.3032882693711218,
            -0.41337922045915715,
            -0.4786741187709554,
            -0.4920972489196969,
            -0.4521940064724413,
            -0.36328852691094987,
            -0.23501509845636154,
            -0.081274137449048,
            0.08127413744904788,
            0.23501509845636145,
            0.3632885269109498,
            0.45219400647244123,
            0.4920972489196969,
            0.47867411877095545,
            0.41337922045915726,
            0.3032882693711219,
            0.16033132829434998,
            1.209421428865624e-16
        ],
        "type": "scatter3d",
        "scene": "scene"
    },
    {
        "xaxis": "x",
        "colorbar": {
            "y": 1.0,
            "title": "",
            "len": 0.0,
            "x": 0.0
        },
        "yaxis": "y",
        "zaxis": "z",
        "x": [
            -1.4278421791112206,
            -1.3504777514307982,
            -1.1267681045614852,
            -0.7809556499543945,
            -0.3505145328992983,
            0.11791027258879322,
            0.573557670475503,
            0.96705119510197,
            1.2557497173937926,
            1.4083682728415268,
            1.408368272841527,
            1.2557497173937928,
            0.9670511951019704,
            0.5735576704755037,
            0.11791027258879389,
            -0.3505145328992977,
            -0.780955649954394,
            -1.126768104561485,
            -1.3504777514307982,
            -1.4278421791112206
        ],
        "showlegend": false,
        "mode": "markers",
        "name": "",
        "zmin": null,
        "legendgroup": "",
        "z": [
            -2.6384212536194673,
            -2.6384212536194673,
            -2.6384212536194673,
            -2.6384212536194673,
            -2.6384212536194673,
            -2.6384212536194673,
            -2.6384212536194673,
            -2.6384212536194673,
            -2.6384212536194673,
            -2.6384212536194673,
            -2.6384212536194673,
            -2.6384212536194673,
            -2.6384212536194673,
            -2.6384212536194673,
            -2.6384212536194673,
            -2.6384212536194673,
            -2.6384212536194673,
            -2.6384212536194673,
            -2.6384212536194673,
            -2.6384212536194673
        ],
        "marker": {
            "symbol": "circle",
            "color": "rgba(0, 128, 0, 1.000)",
            "line": {
                "color": "rgba(0, 0, 0, 1.000)",
                "width": 1
            },
            "size": 8
        },
        "zmax": null,
        "y": [
            -0.0,
            -0.4636195976654719,
            -0.8769988181246293,
            -1.195341608601235,
            -1.3841505881498102,
            -1.4229653741630945,
            -1.3075797823030888,
            -1.0504976318397534,
            -0.6795777628163598,
            -0.23501509845636182,
            0.23501509845636145,
            0.6795777628163596,
            1.0504976318397532,
            1.3075797823030886,
            1.4229653741630945,
            1.3841505881498104,
            1.1953416086012354,
            0.8769988181246297,
            0.4636195976654723,
            3.4972047086722763e-16
        ],
        "type": "scatter3d",
        "scene": "scene"
    },
    {
        "xaxis": "x",
        "colorbar": {
            "y": 1.0,
            "title": "",
            "len": 0.0,
            "x": 0.0
        },
        "yaxis": "y",
        "zaxis": "z",
        "x": [
            -2.2071717320193946,
            -2.087581079538196,
            -1.7417686249311053,
            -1.2072085134878947,
            -0.5418286278381826,
            0.18226679697519557,
            0.8866107861755608,
            1.4948767395100042,
            1.9411496027160204,
            2.1770687864282943,
            2.1770687864282947,
            1.9411496027160207,
            1.4948767395100047,
            0.8866107861755618,
            0.1822667969751966,
            -0.5418286278381818,
            -1.207208513487894,
            -1.7417686249311048,
            -2.087581079538196,
            -2.2071717320193946
        ],
        "showlegend": false,
        "mode": "markers",
        "name": "",
        "zmin": null,
        "legendgroup": "",
        "z": [
            -2.031844714877223,
            -2.031844714877223,
            -2.031844714877223,
            -2.031844714877223,
            -2.031844714877223,
            -2.031844714877223,
            -2.031844714877223,
            -2.031844714877223,
            -2.031844714877223,
            -2.031844714877223,
            -2.031844714877223,
            -2.031844714877223,
            -2.031844714877223,
            -2.031844714877223,
            -2.031844714877223,
            -2.031844714877223,
            -2.031844714877223,
            -2.031844714877223,
            -2.031844714877223,
            -2.031844714877223
        ],
        "marker": {
            "symbol": "circle",
            "color": "rgba(0, 128, 0, 1.000)",
            "line": {
                "color": "rgba(0, 0, 0, 1.000)",
                "width": 1
            },
            "size": 8
        },
        "zmax": null,
        "y": [
            -0.0,
            -0.7166674898302793,
            -1.3556729368955849,
            -1.847770185815282,
            -2.1396328639933735,
            -2.1996331215332017,
            -2.021268999530406,
            -1.6238690182084985,
            -1.0504976318397534,
            -0.36328852691095037,
            0.3632885269109498,
            1.0504976318397532,
            1.6238690182084983,
            2.0212689995304056,
            2.1996331215332017,
            2.139632863993374,
            1.8477701858152826,
            1.3556729368955853,
            0.7166674898302798,
            5.406011593572143e-16
        ],
        "type": "scatter3d",
        "scene": "scene"
    },
    {
        "xaxis": "x",
        "colorbar": {
            "y": 1.0,
            "title": "",
            "len": 0.0,
            "x": 0.0
        },
        "yaxis": "y",
        "zaxis": "z",
        "x": [
            -2.7473199799651717,
            -2.5984626055197015,
            -2.1680214884646056,
            -1.5026416028148935,
            -0.6744271836134009,
            0.22687188574858488,
            1.103585866009697,
            1.8607091937896105,
            2.4161958085445057,
            2.7098501163027877,
            2.709850116302788,
            2.416195808544506,
            1.860709193789611,
            1.1035858660096984,
            0.2268718857485862,
            -0.6744271836133998,
            -1.5026416028148926,
            -2.1680214884646047,
            -2.5984626055197015,
            -2.7473199799651717
        ],
        "showlegend": false,
        "mode": "markers",
        "name": "",
        "zmin": null,
        "legendgroup": "",
        "z": [
            -1.2050862739589097,
            -1.2050862739589097,
            -1.2050862739589097,
            -1.2050862739589097,
            -1.2050862739589097,
            -1.2050862739589097,
            -1.2050862739589097,
            -1.2050862739589097,
            -1.2050862739589097,
            -1.2050862739589097,
            -1.2050862739589097,
            -1.2050862739589097,
            -1.2050862739589097,
            -1.2050862739589097,
            -1.2050862739589097,
            -1.2050862739589097,
            -1.2050862739589097,
            -1.2050862739589097,
            -1.2050862739589097,
            -1.2050862739589097
        ],
        "marker": {
            "symbol": "circle",
            "color": "rgba(0, 128, 0, 1.000)",
            "line": {
                "color": "rgba(0, 0, 0, 1.000)",
                "width": 1
            },
            "size": 8
        },
        "zmax": null,
        "y": [
            -0.0,
            -0.8920533392301129,
            -1.687438857520932,
            -2.299964192287723,
            -2.6632527191986735,
            -2.7379364893606852,
            -2.515922357438611,
            -2.021268999530406,
            -1.307579782303089,
            -0.4521940064724419,
            0.4521940064724412,
            1.3075797823030886,
            2.0212689995304056,
            2.5159223574386105,
            2.7379364893606852,
            2.6632527191986735,
            2.299964192287724,
            1.6874388575209325,
            0.8920533392301137,
            6.728993239395837e-16
        ],
        "type": "scatter3d",
        "scene": "scene"
    },
    {
        "xaxis": "x",
        "colorbar": {
            "y": 1.0,
            "title": "",
            "len": 0.0,
            "x": 0.0
        },
        "yaxis": "y",
        "zaxis": "z",
        "x": [
            -2.9897534790200098,
            -2.8277603888915817,
            -2.3593355834034906,
            -1.6352401585901124,
            -0.7339410892281264,
            0.2468918854211007,
            1.2009702933626356,
            2.0249049350441988,
            2.6294097073763787,
            2.9489771384190004,
            2.948977138419001,
            2.629409707376379,
            2.024904935044199,
            1.200970293362637,
            0.2468918854211021,
            -0.7339410892281251,
            -1.6352401585901113,
            -2.3593355834034897,
            -2.8277603888915817,
            -2.9897534790200098
        ],
        "showlegend": false,
        "mode": "markers",
        "name": "",
        "zmin": null,
        "legendgroup": "",
        "z": [
            -0.2477380364169982,
            -0.2477380364169982,
            -0.2477380364169982,
            -0.2477380364169982,
            -0.2477380364169982,
            -0.2477380364169982,
            -0.2477380364169982,
            -0.2477380364169982,
            -0.2477380364169982,
            -0.2477380364169982,
            -0.2477380364169982,
            -0.2477380364169982,
            -0.2477380364169982,
            -0.2477380364169982,
            -0.2477380364169982,
            -0.2477380364169982,
            -0.2477380364169982,
            -0.2477380364169982,
            -0.2477380364169982,
            -0.2477380364169982
        ],
        "marker": {
            "symbol": "circle",
            "color": "rgba(0, 128, 0, 1.000)",
            "line": {
                "color": "rgba(0, 0, 0, 1.000)",
                "width": 1
            },
            "size": 8
        },
        "zmax": null,
        "y": [
            -0.0,
            -0.9707713676906529,
            -1.836344594622252,
            -2.502921390904324,
            -2.898267817655036,
            -2.9795419551040836,
            -2.7379364893606857,
            -2.1996331215332026,
            -1.422965374163095,
            -0.49209724891969764,
            0.4920972489196969,
            1.4229653741630945,
            2.199633121533202,
            2.7379364893606852,
            2.9795419551040836,
            2.898267817655036,
            2.5029213909043246,
            1.8363445946222527,
            0.9707713676906538,
            7.322784056643036e-16
        ],
        "type": "scatter3d",
        "scene": "scene"
    },
    {
        "xaxis": "x",
        "colorbar": {
            "y": 1.0,
            "title": "",
            "len": 0.0,
            "x": 0.0
        },
        "yaxis": "y",
        "zaxis": "z",
        "x": [
            -2.9082007978179916,
            -2.750626456903798,
            -2.294979059017088,
            -1.5906350698167229,
            -0.7139210895556106,
            0.24015731838592425,
            1.1682109544556025,
            1.9696708069494029,
            2.557686264918693,
            2.868536729492591,
            2.8685367294925914,
            2.5576862649186936,
            1.9696708069494036,
            1.1682109544556039,
            0.24015731838592563,
            -0.7139210895556094,
            -1.590635069816722,
            -2.2949790590170873,
            -2.750626456903798,
            -2.9082007978179916
        ],
        "showlegend": false,
        "mode": "markers",
        "name": "",
        "zmin": null,
        "legendgroup": "",
        "z": [
            0.7364564614223964,
            0.7364564614223964,
            0.7364564614223964,
            0.7364564614223964,
            0.7364564614223964,
            0.7364564614223964,
            0.7364564614223964,
            0.7364564614223964,
            0.7364564614223964,
            0.7364564614223964,
            0.7364564614223964,
            0.7364564614223964,
            0.7364564614223964,
            0.7364564614223964,
            0.7364564614223964,
            0.7364564614223964,
            0.7364564614223964,
            0.7364564614223964,
            0.7364564614223964,
            0.7364564614223964
        ],
        "marker": {
            "symbol": "circle",
            "color": "rgba(0, 128, 0, 1.000)",
            "line": {
                "color": "rgba(0, 0, 0, 1.000)",
                "width": 1
            },
            "size": 8
        },
        "zmax": null,
        "y": [
            -0.0,
            -0.9442912553921388,
            -1.7862539010740448,
            -2.4346482199895636,
            -2.819210626809734,
            -2.898267817655036,
            -2.663252719198674,
            -2.1396328639933744,
            -1.3841505881498108,
            -0.47867411877095617,
            0.47867411877095545,
            1.3841505881498104,
            2.139632863993374,
            2.663252719198674,
            2.898267817655036,
            2.8192106268097343,
            2.4346482199895645,
            1.7862539010740455,
            0.9442912553921397,
            7.123037596651165e-16
        ],
        "type": "scatter3d",
        "scene": "scene"
    },
    {
        "xaxis": "x",
        "colorbar": {
            "y": 1.0,
            "title": "",
            "len": 0.0,
            "x": 0.0
        },
        "yaxis": "y",
        "zaxis": "z",
        "x": [
            -2.511499434787586,
            -2.3754194679434977,
            -1.9819259433170302,
            -1.3736599899825865,
            -0.6165366622026726,
            0.2073979794788913,
            1.0088578319726922,
            1.7009922843300962,
            2.208797829065615,
            2.4772458559922836,
            2.477245855992284,
            2.2087978290656154,
            1.7009922843300969,
            1.0088578319726933,
            0.2073979794788925,
            -0.6165366622026714,
            -1.3736599899825856,
            -1.9819259433170298,
            -2.3754194679434977,
            -2.511499434787586
        ],
        "showlegend": false,
        "mode": "markers",
        "name": "",
        "zmin": null,
        "legendgroup": "",
        "z": [
            1.6408444743672796,
            1.6408444743672796,
            1.6408444743672796,
            1.6408444743672796,
            1.6408444743672796,
            1.6408444743672796,
            1.6408444743672796,
            1.6408444743672796,
            1.6408444743672796,
            1.6408444743672796,
            1.6408444743672796,
            1.6408444743672796,
            1.6408444743672796,
            1.6408444743672796,
            1.6408444743672796,
            1.6408444743672796,
            1.6408444743672796,
            1.6408444743672796,
            1.6408444743672796,
            1.6408444743672796
        ],
        "marker": {
            "symbol": "circle",
            "color": "rgba(0, 128, 0, 1.000)",
            "line": {
                "color": "rgba(0, 0, 0, 1.000)",
                "width": 1
            },
            "size": 8
        },
        "zmax": null,
        "y": [
            -0.0,
            -0.8154825333833917,
            -1.5425948807594507,
            -2.1025431369794543,
            -2.434648219989564,
            -2.502921390904324,
            -2.299964192287724,
            -1.8477701858152826,
            -1.1953416086012356,
            -0.4133792204591578,
            0.4133792204591572,
            1.1953416086012352,
            1.8477701858152824,
            2.2999641922877236,
            2.502921390904324,
            2.434648219989564,
            2.102543136979455,
            1.5425948807594514,
            0.8154825333833924,
            6.151399487746008e-16
        ],
        "type": "scatter3d",
        "scene": "scene"
    },
    {
        "xaxis": "x",
        "colorbar": {
            "y": 1.0,
            "title": "",
            "len": 0.0,
            "x": 0.0
        },
        "yaxis": "y",
        "zaxis": "z",
        "x": [
            -1.8426381380690042,
            -1.7427989212008188,
            -1.4541003989089962,
            -1.00782753570298,
            -0.45234092094808476,
            0.15216385138409538,
            0.7401793093533856,
            1.247984854088904,
            1.6205518754036874,
            1.8175069555653085,
            1.8175069555653087,
            1.6205518754036876,
            1.2479848540889045,
            0.7401793093533864,
            0.15216385138409624,
            -0.452340920948084,
            -1.0078275357029793,
            -1.4541003989089958,
            -1.7427989212008188,
            -1.8426381380690042
        ],
        "showlegend": false,
        "mode": "markers",
        "name": "",
        "zmin": null,
        "legendgroup": "",
        "z": [
            2.36742152818918,
            2.36742152818918,
            2.36742152818918,
            2.36742152818918,
            2.36742152818918,
            2.36742152818918,
            2.36742152818918,
            2.36742152818918,
            2.36742152818918,
            2.36742152818918,
            2.36742152818918,
            2.36742152818918,
            2.36742152818918,
            2.36742152818918,
            2.36742152818918,
            2.36742152818918,
            2.36742152818918,
            2.36742152818918,
            2.36742152818918,
            2.36742152818918
        ],
        "marker": {
            "symbol": "circle",
            "color": "rgba(0, 128, 0, 1.000)",
            "line": {
                "color": "rgba(0, 0, 0, 1.000)",
                "width": 1
            },
            "size": 8
        },
        "zmax": null,
        "y": [
            -0.0,
            -0.5983036253673119,
            -1.1317717692888019,
            -1.5425948807594512,
            -1.7862539010740452,
            -1.8363445946222527,
            -1.687438857520933,
            -1.3556729368955858,
            -0.87699881812463,
            -0.30328826937112235,
            0.3032882693711219,
            0.8769988181246297,
            1.3556729368955855,
            1.6874388575209327,
            1.8363445946222527,
            1.7862539010740455,
            1.5425948807594516,
            1.131771769288802,
            0.5983036253673124,
            4.513161795546089e-16
        ],
        "type": "scatter3d",
        "scene": "scene"
    },
    {
        "xaxis": "x",
        "colorbar": {
            "y": 1.0,
            "title": "",
            "len": 0.0,
            "x": 0.0
        },
        "yaxis": "y",
        "zaxis": "z",
        "x": [
            -0.9740984076140512,
            -0.9213190690345023,
            -0.7687005135867682,
            -0.5327813298744943,
            -0.23912702211621217,
            0.08044040892640947,
            0.3912908735003076,
            0.6597389004269761,
            0.8566939805885971,
            0.9608129749767118,
            0.9608129749767119,
            0.8566939805885972,
            0.6597389004269764,
            0.39129087350030806,
            0.08044040892640993,
            -0.23912702211621176,
            -0.532781329874494,
            -0.7687005135867679,
            -0.9213190690345023,
            -0.9740984076140512
        ],
        "showlegend": false,
        "mode": "markers",
        "name": "",
        "zmin": null,
        "legendgroup": "",
        "z": [
            2.837451725101904,
            2.837451725101904,
            2.837451725101904,
            2.837451725101904,
            2.837451725101904,
            2.837451725101904,
            2.837451725101904,
            2.837451725101904,
            2.837451725101904,
            2.837451725101904,
            2.837451725101904,
            2.837451725101904,
            2.837451725101904,
            2.837451725101904,
            2.837451725101904,
            2.837451725101904,
            2.837451725101904,
            2.837451725101904,
            2.837451725101904,
            2.837451725101904
        ],
        "marker": {
            "symbol": "circle",
            "color": "rgba(0, 128, 0, 1.000)",
            "line": {
                "color": "rgba(0, 0, 0, 1.000)",
                "width": 1
            },
            "size": 8
        },
        "zmax": null,
        "y": [
            -0.0,
            -0.3162892359054098,
            -0.5983036253673122,
            -0.8154825333833923,
            -0.9442912553921394,
            -0.9707713676906536,
            -0.8920533392301138,
            -0.7166674898302801,
            -0.46361959766547245,
            -0.1603313282943502,
            0.16033132829434996,
            0.4636195976654723,
            0.71666748983028,
            0.8920533392301137,
            0.9707713676906536,
            0.9442912553921395,
            0.8154825333833925,
            0.5983036253673124,
            0.3162892359054101,
            2.3858529938781633e-16
        ],
        "type": "scatter3d",
        "scene": "scene"
    },
    {
        "xaxis": "x",
        "colorbar": {
            "y": 1.0,
            "title": "",
            "len": 0.0,
            "x": 0.0
        },
        "yaxis": "y",
        "zaxis": "z",
        "x": [
            -7.347880794884119e-16,
            -6.949752345762364e-16,
            -5.798510393458831e-16,
            -4.018909866865023e-16,
            -1.803798096384651e-16,
            6.067831866502511e-17,
            2.9516100962003747e-16,
            4.976584252877714e-16,
            6.462268286094854e-16,
            7.24766527808973e-16,
            7.247665278089731e-16,
            6.462268286094855e-16,
            4.976584252877716e-16,
            2.9516100962003776e-16,
            6.067831866502546e-17,
            -1.8037980963846477e-16,
            -4.0189098668650206e-16,
            -5.798510393458829e-16,
            -6.949752345762364e-16,
            -7.347880794884119e-16
        ],
        "showlegend": false,
        "mode": "markers",
        "name": "",
        "zmin": null,
        "legendgroup": "",
        "z": [
            3.0,
            3.0,
            3.0,
            3.0,
            3.0,
            3.0,
            3.0,
            3.0,
            3.0,
            3.0,
            3.0,
            3.0,
            3.0,
            3.0,
            3.0,
            3.0,
            3.0,
            3.0,
            3.0,
            3.0
        ],
        "marker": {
            "symbol": "circle",
            "color": "rgba(0, 128, 0, 1.000)",
            "line": {
                "color": "rgba(0, 0, 0, 1.000)",
                "width": 1
            },
            "size": 8
        },
        "zmax": null,
        "y": [
            -0.0,
            -2.385852993878161e-16,
            -4.513161795546087e-16,
            -6.151399487746006e-16,
            -7.123037596651163e-16,
            -7.322784056643035e-16,
            -6.728993239395837e-16,
            -5.406011593572144e-16,
            -3.497204708672277e-16,
            -1.2094214288656258e-16,
            1.209421428865624e-16,
            3.497204708672276e-16,
            5.406011593572143e-16,
            6.728993239395836e-16,
            7.322784056643035e-16,
            7.123037596651164e-16,
            6.151399487746008e-16,
            4.513161795546088e-16,
            2.385852993878163e-16,
            1.7997117391942291e-31
        ],
        "type": "scatter3d",
        "scene": "scene"
    }
]
, {
    "showlegend": true,
    "paper_bgcolor": "rgba(255, 255, 255, 1.000)",
    "annotations": [],
    "height": 400,
    "margin": {
        "l": 0,
        "b": 20,
        "r": 0,
        "t": 20
    },
    "plot_bgcolor": "rgba(255, 255, 255, 1.000)",
    "scene": {
        "camera": {
            "eye": {
                "y": -1.9499999999999997,
                "z": 1.3,
                "x": 1.12583302491977
            },
            "projection": "orthographic"
        },
        "xaxis": {
            "tickangle": 0,
            "showline": true,
            "gridcolor": "rgba(0, 0, 0, 0.100)",
            "showticklabels": true,
            "gridwidth": 0.5,
            "titlefont": {
                "color": "rgba(0, 0, 0, 1.000)",
                "family": "sans-serif",
                "size": 15
            },
            "visible": true,
            "ticks": "inside",
            "range": [
                -3.1691386877612104,
                3.1691386877612104
            ],
            "tickmode": "array",
            "tickvals": [
                -3.0,
                -2.0,
                -1.0,
                0.0,
                1.0,
                2.0,
                3.0
            ],
            "tickcolor": "rgb(0, 0, 0)",
            "ticktext": [
                "-3",
                "-2",
                "-1",
                "0",
                "1",
                "2",
                "3"
            ],
            "linecolor": "rgba(0, 0, 0, 1.000)",
            "showgrid": true,
            "zeroline": false,
            "type": "-",
            "tickfont": {
                "color": "rgba(0, 0, 0, 1.000)",
                "family": "sans-serif",
                "size": 11
            },
            "title": "",
            "zerolinecolor": "rgba(0, 0, 0, 1.000)",
            "mirror": false
        },
        "domain": {
            "y": [
                1.0,
                1.0
            ],
            "x": [
                0.0,
                0.0
            ]
        },
        "yaxis": {
            "tickangle": 0,
            "showline": true,
            "gridcolor": "rgba(0, 0, 0, 0.100)",
            "showticklabels": true,
            "gridwidth": 0.5,
            "titlefont": {
                "color": "rgba(0, 0, 0, 1.000)",
                "family": "sans-serif",
                "size": 15
            },
            "visible": true,
            "ticks": "inside",
            "range": [
                -3.158314472410329,
                3.158314472410329
            ],
            "tickmode": "array",
            "tickvals": [
                -3.0,
                -2.0,
                -1.0,
                0.0,
                1.0,
                2.0,
                3.0
            ],
            "tickcolor": "rgb(0, 0, 0)",
            "ticktext": [
                "-3",
                "-2",
                "-1",
                "0",
                "1",
                "2",
                "3"
            ],
            "linecolor": "rgba(0, 0, 0, 1.000)",
            "showgrid": true,
            "zeroline": false,
            "type": "-",
            "tickfont": {
                "color": "rgba(0, 0, 0, 1.000)",
                "family": "sans-serif",
                "size": 11
            },
            "title": "",
            "zerolinecolor": "rgba(0, 0, 0, 1.000)",
            "mirror": false
        },
        "zaxis": {
            "tickangle": 0,
            "showline": true,
            "gridcolor": "rgba(0, 0, 0, 0.100)",
            "showticklabels": true,
            "gridwidth": 0.5,
            "titlefont": {
                "color": "rgba(0, 0, 0, 1.000)",
                "family": "sans-serif",
                "size": 15
            },
            "visible": true,
            "ticks": "inside",
            "range": [
                -3.1378564275144125,
                3.1787725173062453
            ],
            "tickmode": "array",
            "tickvals": [
                -3.0,
                -2.0,
                -1.0,
                0.0,
                1.0,
                2.0,
                3.0
            ],
            "tickcolor": "rgb(0, 0, 0)",
            "ticktext": [
                "-3",
                "-2",
                "-1",
                "0",
                "1",
                "2",
                "3"
            ],
            "linecolor": "rgba(0, 0, 0, 1.000)",
            "showgrid": true,
            "zeroline": false,
            "type": "-",
            "tickfont": {
                "color": "rgba(0, 0, 0, 1.000)",
                "family": "sans-serif",
                "size": 11
            },
            "title": "",
            "zerolinecolor": "rgba(0, 0, 0, 1.000)",
            "mirror": false
        }
    },
    "legend": {
        "yanchor": "auto",
        "xanchor": "auto",
        "bordercolor": "rgba(0, 0, 0, 1.000)",
        "bgcolor": "rgba(255, 255, 255, 1.000)",
        "borderwidth": 1,
        "tracegroupgap": 0,
        "y": 1.0,
        "font": {
            "color": "rgba(0, 0, 0, 1.000)",
            "family": "sans-serif",
            "size": 11
        },
        "title": {
            "font": {
                "color": "rgba(0, 0, 0, 1.000)",
                "family": "sans-serif",
                "size": 15
            },
            "text": ""
        },
        "traceorder": "normal",
        "x": 1.0
    },
    "width": 600
}
); </script>~~~
